<?xml version='1.0' encoding='UTF-8'?>
<testsuite hostname="julia-ZenBook" name="DividerTest" tests="1" errors="0" failures="1" skipped="0" time="0.304" timestamp="2024-06-13T11:46:49">
          <properties>
[...]
</properties>
          <testcase classname="DividerTest" name="Divider should correctly divide two numbers" time="0.304">
                      <failure message="an implementation is missing" type="scala.NotImplementedError">scala.NotImplementedError: an implementation is missing
	at ... ()
	at arithmetic.Divider.&lt;init&gt;(Divider.scala:20)
	at DividerTest.$anonfun$new$2(DividerTest.scala:71)
	at chisel3.Module$.evaluate(Module.scala:88)
	at chisel3.Module$.do_apply(Module.scala:35)
	at chisel3.stage.phases.Elaborate.$anonfun$transform$2(Elaborate.scala:48)
	at chisel3.internal.Builder$.$anonfun$buildImpl$1(Builder.scala:1023)
	at scala.util.DynamicVariable.withValue(DynamicVariable.scala:59)
	at chisel3.internal.Builder$.buildImpl(Builder.scala:1017)
	at chisel3.internal.Builder$.$anonfun$build$1(Builder.scala:1008)
	at logger.Logger$.$anonfun$makeScope$4(Logger.scala:148)
	at scala.util.DynamicVariable.withValue(DynamicVariable.scala:59)
	at logger.Logger$.makeScope(Logger.scala:146)
	at logger.Logger$.makeScope(Logger.scala:133)
	at ... ()
	at ... (Stack trace trimmed to user code only. Rerun with --full-stacktrace to see the full stack trace)
</failure>
                    </testcase>
          <system-out><![CDATA[]]></system-out>
          <system-err><![CDATA[]]></system-err>
        </testsuite>