<?xml version='1.0' encoding='UTF-8'?>
<testsuite hostname="julia-ZenBook" name="RISCV.RV32I.SingleInstructionTests" tests="37" errors="0" failures="0" skipped="0" time="41.847" timestamp="2024-06-22T11:21:51">
          <properties>
[...]
</properties>
          <testcase classname="RISCV.RV32I.SingleInstructionTests" name="should do a random addi" time="3.366">
                      
                    </testcase><testcase classname="RISCV.RV32I.SingleInstructionTests" name="should do a random slti" time="1.427">
                      
                    </testcase><testcase classname="RISCV.RV32I.SingleInstructionTests" name="should do a random sltiu" time="1.255">
                      
                    </testcase><testcase classname="RISCV.RV32I.SingleInstructionTests" name="should do a random andi" time="1.1">
                      
                    </testcase><testcase classname="RISCV.RV32I.SingleInstructionTests" name="should do a random ori" time="1.108">
                      
                    </testcase><testcase classname="RISCV.RV32I.SingleInstructionTests" name="should do a random xori" time="1.254">
                      
                    </testcase><testcase classname="RISCV.RV32I.SingleInstructionTests" name="should do a random slli" time="1.137">
                      
                    </testcase><testcase classname="RISCV.RV32I.SingleInstructionTests" name="should do a random srli" time="1.038">
                      
                    </testcase><testcase classname="RISCV.RV32I.SingleInstructionTests" name="should do a random srai" time="1.025">
                      
                    </testcase><testcase classname="RISCV.RV32I.SingleInstructionTests" name="should do a random lui" time="0.983">
                      
                    </testcase><testcase classname="RISCV.RV32I.SingleInstructionTests" name="should do a random auipc" time="1.043">
                      
                    </testcase><testcase classname="RISCV.RV32I.SingleInstructionTests" name="should do a random add" time="1.274">
                      
                    </testcase><testcase classname="RISCV.RV32I.SingleInstructionTests" name="should do a random sub" time="1.2">
                      
                    </testcase><testcase classname="RISCV.RV32I.SingleInstructionTests" name="should do a random sll" time="1.229">
                      
                    </testcase><testcase classname="RISCV.RV32I.SingleInstructionTests" name="should do a random slt" time="1.172">
                      
                    </testcase><testcase classname="RISCV.RV32I.SingleInstructionTests" name="should do a random sltu" time="1.067">
                      
                    </testcase><testcase classname="RISCV.RV32I.SingleInstructionTests" name="should do a random xor" time="1.022">
                      
                    </testcase><testcase classname="RISCV.RV32I.SingleInstructionTests" name="should do a random srl" time="1.024">
                      
                    </testcase><testcase classname="RISCV.RV32I.SingleInstructionTests" name="should do a random sra" time="1.024">
                      
                    </testcase><testcase classname="RISCV.RV32I.SingleInstructionTests" name="should do a random or" time="1.029">
                      
                    </testcase><testcase classname="RISCV.RV32I.SingleInstructionTests" name="should do a random and" time="1.024">
                      
                    </testcase><testcase classname="RISCV.RV32I.SingleInstructionTests" name="should do a random jal" time="1.025">
                      
                    </testcase><testcase classname="RISCV.RV32I.SingleInstructionTests" name="should do a random jalr" time="1.016">
                      
                    </testcase><testcase classname="RISCV.RV32I.SingleInstructionTests" name="should do a random beq" time="1.02">
                      
                    </testcase><testcase classname="RISCV.RV32I.SingleInstructionTests" name="should do a random bne" time="1.02">
                      
                    </testcase><testcase classname="RISCV.RV32I.SingleInstructionTests" name="should do a random blt" time="0.977">
                      
                    </testcase><testcase classname="RISCV.RV32I.SingleInstructionTests" name="should do a random bge" time="0.993">
                      
                    </testcase><testcase classname="RISCV.RV32I.SingleInstructionTests" name="should do a random bltu" time="0.976">
                      
                    </testcase><testcase classname="RISCV.RV32I.SingleInstructionTests" name="should do a random bgeu" time="0.973">
                      
                    </testcase><testcase classname="RISCV.RV32I.SingleInstructionTests" name="should do a random lb" time="1.026">
                      
                    </testcase><testcase classname="RISCV.RV32I.SingleInstructionTests" name="should do a random lh" time="1.001">
                      
                    </testcase><testcase classname="RISCV.RV32I.SingleInstructionTests" name="should do a random lw" time="1.01">
                      
                    </testcase><testcase classname="RISCV.RV32I.SingleInstructionTests" name="should do a random lbu" time="1.007">
                      
                    </testcase><testcase classname="RISCV.RV32I.SingleInstructionTests" name="should do a random lhu" time="0.999">
                      
                    </testcase><testcase classname="RISCV.RV32I.SingleInstructionTests" name="should do a random sb" time="0.996">
                      
                    </testcase><testcase classname="RISCV.RV32I.SingleInstructionTests" name="should do a random sh" time="1.005">
                      
                    </testcase><testcase classname="RISCV.RV32I.SingleInstructionTests" name="should do a random sw" time="1.002">
                      
                    </testcase>
          <system-out><![CDATA[]]></system-out>
          <system-err><![CDATA[]]></system-err>
        </testsuite>