<?xml version='1.0' encoding='UTF-8'?>
<testsuite hostname="julia-ZenBook" name="ParallelUnitTest" tests="1" errors="0" failures="0" skipped="0" time="1.969" timestamp="2024-06-23T14:39:19">
          <properties>
[...]
</properties>
          <testcase classname="ParallelUnitTest" name="Parallel Unit should add two vectors" time="1.969">
                      
                    </testcase>
          <system-out><![CDATA[]]></system-out>
          <system-err><![CDATA[]]></system-err>
        </testsuite>