<?xml version='1.0' encoding='UTF-8'?>
<testsuite hostname="julia-ZenBook" name="RISCV.RV32I.SingleInstructionTests" tests="37" errors="0" failures="0" skipped="0" time="39.601" timestamp="2024-06-23T14:39:19">
          <properties>
[...]
</properties>
          <testcase classname="RISCV.RV32I.SingleInstructionTests" name="should do a random addi" time="3.386">
                      
                    </testcase><testcase classname="RISCV.RV32I.SingleInstructionTests" name="should do a random slti" time="1.477">
                      
                    </testcase><testcase classname="RISCV.RV32I.SingleInstructionTests" name="should do a random sltiu" time="1.323">
                      
                    </testcase><testcase classname="RISCV.RV32I.SingleInstructionTests" name="should do a random andi" time="1.074">
                      
                    </testcase><testcase classname="RISCV.RV32I.SingleInstructionTests" name="should do a random ori" time="1.216">
                      
                    </testcase><testcase classname="RISCV.RV32I.SingleInstructionTests" name="should do a random xori" time="1.264">
                      
                    </testcase><testcase classname="RISCV.RV32I.SingleInstructionTests" name="should do a random slli" time="1.15">
                      
                    </testcase><testcase classname="RISCV.RV32I.SingleInstructionTests" name="should do a random srli" time="1.039">
                      
                    </testcase><testcase classname="RISCV.RV32I.SingleInstructionTests" name="should do a random srai" time="1.037">
                      
                    </testcase><testcase classname="RISCV.RV32I.SingleInstructionTests" name="should do a random lui" time="0.996">
                      
                    </testcase><testcase classname="RISCV.RV32I.SingleInstructionTests" name="should do a random auipc" time="1.251">
                      
                    </testcase><testcase classname="RISCV.RV32I.SingleInstructionTests" name="should do a random add" time="1.88">
                      
                    </testcase><testcase classname="RISCV.RV32I.SingleInstructionTests" name="should do a random sub" time="1.165">
                      
                    </testcase><testcase classname="RISCV.RV32I.SingleInstructionTests" name="should do a random sll" time="1.083">
                      
                    </testcase><testcase classname="RISCV.RV32I.SingleInstructionTests" name="should do a random slt" time="1.028">
                      
                    </testcase><testcase classname="RISCV.RV32I.SingleInstructionTests" name="should do a random sltu" time="0.904">
                      
                    </testcase><testcase classname="RISCV.RV32I.SingleInstructionTests" name="should do a random xor" time="1.247">
                      
                    </testcase><testcase classname="RISCV.RV32I.SingleInstructionTests" name="should do a random srl" time="1.151">
                      
                    </testcase><testcase classname="RISCV.RV32I.SingleInstructionTests" name="should do a random sra" time="0.958">
                      
                    </testcase><testcase classname="RISCV.RV32I.SingleInstructionTests" name="should do a random or" time="0.791">
                      
                    </testcase><testcase classname="RISCV.RV32I.SingleInstructionTests" name="should do a random and" time="0.793">
                      
                    </testcase><testcase classname="RISCV.RV32I.SingleInstructionTests" name="should do a random jal" time="0.959">
                      
                    </testcase><testcase classname="RISCV.RV32I.SingleInstructionTests" name="should do a random jalr" time="1.079">
                      
                    </testcase><testcase classname="RISCV.RV32I.SingleInstructionTests" name="should do a random beq" time="0.985">
                      
                    </testcase><testcase classname="RISCV.RV32I.SingleInstructionTests" name="should do a random bne" time="0.921">
                      
                    </testcase><testcase classname="RISCV.RV32I.SingleInstructionTests" name="should do a random blt" time="0.843">
                      
                    </testcase><testcase classname="RISCV.RV32I.SingleInstructionTests" name="should do a random bge" time="0.846">
                      
                    </testcase><testcase classname="RISCV.RV32I.SingleInstructionTests" name="should do a random bltu" time="0.838">
                      
                    </testcase><testcase classname="RISCV.RV32I.SingleInstructionTests" name="should do a random bgeu" time="0.784">
                      
                    </testcase><testcase classname="RISCV.RV32I.SingleInstructionTests" name="should do a random lb" time="0.89">
                      
                    </testcase><testcase classname="RISCV.RV32I.SingleInstructionTests" name="should do a random lh" time="0.823">
                      
                    </testcase><testcase classname="RISCV.RV32I.SingleInstructionTests" name="should do a random lw" time="0.761">
                      
                    </testcase><testcase classname="RISCV.RV32I.SingleInstructionTests" name="should do a random lbu" time="0.774">
                      
                    </testcase><testcase classname="RISCV.RV32I.SingleInstructionTests" name="should do a random lhu" time="0.737">
                      
                    </testcase><testcase classname="RISCV.RV32I.SingleInstructionTests" name="should do a random sb" time="0.736">
                      
                    </testcase><testcase classname="RISCV.RV32I.SingleInstructionTests" name="should do a random sh" time="0.707">
                      
                    </testcase><testcase classname="RISCV.RV32I.SingleInstructionTests" name="should do a random sw" time="0.705">
                      
                    </testcase>
          <system-out><![CDATA[]]></system-out>
          <system-err><![CDATA[]]></system-err>
        </testsuite>