<?xml version='1.0' encoding='UTF-8'?>
<testsuite hostname="julia-ZenBook" name="ParallelUnitTest" tests="1" errors="0" failures="1" skipped="0" time="2.269" timestamp="2024-06-20T13:15:46">
          <properties>
[...]
</properties>
          <testcase classname="ParallelUnitTest" name="Parallel Unit should add two vectors" time="2.269">
                      <failure message="timeout on ParallelUnit.clock: IO[Clock] at 1000 idle cycles You can extend the timeout by calling .setTimeout(&lt;n&gt;) on your clock (setting it to 0 means 'no timeout')." type="chiseltest.TimeoutException">chiseltest.TimeoutException: timeout on ParallelUnit.clock: IO[Clock] at 1000 idle cycles You can extend the timeout by calling .setTimeout(&lt;n&gt;) on your clock (setting it to 0 means 'no timeout').
	at chiseltest.internal.AccessCheck.simulationStep(AccessCheck.scala:174)
	at chiseltest.internal.SimController.$anonfun$scheduler$1(SimController.scala:59)
	at chiseltest.internal.Scheduler.doStep(Scheduler.scala:377)
	at chiseltest.internal.Scheduler.stepThread(Scheduler.scala:329)
	at chiseltest.internal.SimController.step(SimController.scala:103)
	at chiseltest.package$testableClock.step(package.scala:400)
	at ParallelUnitTest.testParallelUnit(ParallelUnitTest.scala:37)
	at ParallelUnitTest.$anonfun$new$6(ParallelUnitTest.scala:59)
	at scala.collection.immutable.Range.foreach$mVc$sp(Range.scala:190)
	at ParallelUnitTest.$anonfun$new$5(ParallelUnitTest.scala:54)
	at ParallelUnitTest.$anonfun$new$5$adapted(ParallelUnitTest.scala:52)
	at chiseltest.internal.SimController.run(SimController.scala:124)
	at chiseltest.internal.Context$.$anonfun$runTest$2(Context.scala:30)
	at scala.util.DynamicVariable.withValue(DynamicVariable.scala:59)
	at chiseltest.internal.Context$.runTest(Context.scala:30)
	at chiseltest.ChiselScalatestTester.chiseltest$ChiselScalatestTester$$runTest(ChiselScalatestTester.scala:96)
	at chiseltest.ChiselScalatestTester$TestBuilder.apply(ChiselScalatestTester.scala:30)
	at ParallelUnitTest.$anonfun$new$2(ParallelUnitTest.scala:52)
	at org.scalatest.OutcomeOf.outcomeOf(OutcomeOf.scala:85)
	at org.scalatest.OutcomeOf.outcomeOf$(OutcomeOf.scala:83)
	at org.scalatest.OutcomeOf$.outcomeOf(OutcomeOf.scala:104)
	at org.scalatest.Transformer.apply(Transformer.scala:22)
	at org.scalatest.Transformer.apply(Transformer.scala:20)
	at org.scalatest.flatspec.AnyFlatSpecLike$$anon$5.apply(AnyFlatSpecLike.scala:1832)
	at org.scalatest.TestSuite.withFixture(TestSuite.scala:196)
	at org.scalatest.TestSuite.withFixture$(TestSuite.scala:195)
	at ParallelUnitTest.chiseltest$ChiselScalatestTester$$super$withFixture(ParallelUnitTest.scala:14)
	at chiseltest.ChiselScalatestTester.$anonfun$withFixture$1(ChiselScalatestTester.scala:85)
	at scala.util.DynamicVariable.withValue(DynamicVariable.scala:59)
	at chiseltest.ChiselScalatestTester.withFixture(ChiselScalatestTester.scala:85)
	at chiseltest.ChiselScalatestTester.withFixture$(ChiselScalatestTester.scala:82)
	at ParallelUnitTest.withFixture(ParallelUnitTest.scala:14)
	at org.scalatest.flatspec.AnyFlatSpecLike.invokeWithFixture$1(AnyFlatSpecLike.scala:1830)
	at org.scalatest.flatspec.AnyFlatSpecLike.$anonfun$runTest$1(AnyFlatSpecLike.scala:1842)
	at org.scalatest.SuperEngine.runTestImpl(Engine.scala:306)
	at org.scalatest.flatspec.AnyFlatSpecLike.runTest(AnyFlatSpecLike.scala:1842)
	at org.scalatest.flatspec.AnyFlatSpecLike.runTest$(AnyFlatSpecLike.scala:1824)
	at org.scalatest.flatspec.AnyFlatSpec.runTest(AnyFlatSpec.scala:1686)
	at org.scalatest.flatspec.AnyFlatSpecLike.$anonfun$runTests$1(AnyFlatSpecLike.scala:1900)
	at org.scalatest.SuperEngine.$anonfun$runTestsInBranch$1(Engine.scala:413)
	at scala.collection.immutable.List.foreach(List.scala:333)
	at org.scalatest.SuperEngine.traverseSubNodes$1(Engine.scala:401)
	at org.scalatest.SuperEngine.runTestsInBranch(Engine.scala:390)
	at org.scalatest.SuperEngine.$anonfun$runTestsInBranch$1(Engine.scala:427)
	at scala.collection.immutable.List.foreach(List.scala:333)
	at org.scalatest.SuperEngine.traverseSubNodes$1(Engine.scala:401)
	at org.scalatest.SuperEngine.runTestsInBranch(Engine.scala:396)
	at org.scalatest.SuperEngine.runTestsImpl(Engine.scala:475)
	at org.scalatest.flatspec.AnyFlatSpecLike.runTests(AnyFlatSpecLike.scala:1900)
	at org.scalatest.flatspec.AnyFlatSpecLike.runTests$(AnyFlatSpecLike.scala:1899)
	at org.scalatest.flatspec.AnyFlatSpec.runTests(AnyFlatSpec.scala:1686)
	at org.scalatest.Suite.run(Suite.scala:1114)
	at org.scalatest.Suite.run$(Suite.scala:1096)
	at org.scalatest.flatspec.AnyFlatSpec.org$scalatest$flatspec$AnyFlatSpecLike$$super$run(AnyFlatSpec.scala:1686)
	at org.scalatest.flatspec.AnyFlatSpecLike.$anonfun$run$1(AnyFlatSpecLike.scala:1945)
	at org.scalatest.SuperEngine.runImpl(Engine.scala:535)
	at org.scalatest.flatspec.AnyFlatSpecLike.run(AnyFlatSpecLike.scala:1945)
	at org.scalatest.flatspec.AnyFlatSpecLike.run$(AnyFlatSpecLike.scala:1943)
	at org.scalatest.flatspec.AnyFlatSpec.run(AnyFlatSpec.scala:1686)
	at org.scalatest.tools.Framework.org$scalatest$tools$Framework$$runSuite(Framework.scala:321)
	at org.scalatest.tools.Framework$ScalaTestTask.execute(Framework.scala:517)
	at sbt.TestRunner.runTest$1(TestFramework.scala:153)
	at sbt.TestRunner.run(TestFramework.scala:168)
	at sbt.TestFramework$$anon$3$$anonfun$$lessinit$greater$1.$anonfun$apply$1(TestFramework.scala:336)
	at sbt.TestFramework$.sbt$TestFramework$$withContextLoader(TestFramework.scala:296)
	at sbt.TestFramework$$anon$3$$anonfun$$lessinit$greater$1.apply(TestFramework.scala:336)
	at sbt.TestFramework$$anon$3$$anonfun$$lessinit$greater$1.apply(TestFramework.scala:336)
	at sbt.TestFunction.apply(TestFramework.scala:348)
	at sbt.Tests$.$anonfun$toTask$1(Tests.scala:436)
	at sbt.std.Transform$$anon$3.$anonfun$apply$2(Transform.scala:47)
	at sbt.std.Transform$$anon$4.work(Transform.scala:69)
	at sbt.Execute.$anonfun$submit$2(Execute.scala:283)
	at sbt.internal.util.ErrorHandling$.wideConvert(ErrorHandling.scala:24)
	at sbt.Execute.work(Execute.scala:292)
	at sbt.Execute.$anonfun$submit$1(Execute.scala:283)
	at sbt.ConcurrentRestrictions$$anon$4.$anonfun$submitValid$1(ConcurrentRestrictions.scala:265)
	at sbt.CompletionService$$anon$2.call(CompletionService.scala:65)
	at java.base/java.util.concurrent.FutureTask.run(FutureTask.java:317)
	at java.base/java.util.concurrent.Executors$RunnableAdapter.call(Executors.java:572)
	at java.base/java.util.concurrent.FutureTask.run(FutureTask.java:317)
	at java.base/java.util.concurrent.ThreadPoolExecutor.runWorker(ThreadPoolExecutor.java:1144)
	at java.base/java.util.concurrent.ThreadPoolExecutor$Worker.run(ThreadPoolExecutor.java:642)
	at java.base/java.lang.Thread.run(Thread.java:1583)
</failure>
                    </testcase>
          <system-out><![CDATA[]]></system-out>
          <system-err><![CDATA[]]></system-err>
        </testsuite>